{"numFailedTestSuites":0,"numFailedTests":0,"numPassedTestSuites":1,"numPassedTests":6,"numPendingTestSuites":0,"numPendingTests":0,"numRuntimeErrorTestSuites":0,"numTodoTests":0,"numTotalTestSuites":1,"numTotalTests":6,"openHandles":[],"snapshot":{"added":0,"didUpdate":false,"failure":false,"filesAdded":0,"filesRemoved":0,"filesRemovedList":[],"filesUnmatched":0,"filesUpdated":0,"matched":0,"total":0,"unchecked":0,"uncheckedKeysByFile":[],"unmatched":0,"updated":0},"startTime":1687878247180,"success":true,"testResults":[{"assertionResults":[{"ancestorTitles":["caesarCipher"],"failureMessages":[],"fullName":"caesarCipher should not change a string with zero shift","location":null,"status":"passed","title":"should not change a string with zero shift"},{"ancestorTitles":["caesarCipher"],"failureMessages":[],"fullName":"caesarCipher should cipher a string with different shifts","location":null,"status":"passed","title":"should cipher a string with different shifts"},{"ancestorTitles":["caesarCipher"],"failureMessages":[],"fullName":"caesarCipher should be case insensitive","location":null,"status":"passed","title":"should be case insensitive"},{"ancestorTitles":["caesarCipher"],"failureMessages":[],"fullName":"caesarCipher should correctly handle an empty strings","location":null,"status":"passed","title":"should correctly handle an empty strings"},{"ancestorTitles":["caesarCipher"],"failureMessages":[],"fullName":"caesarCipher should not cipher unknown chars","location":null,"status":"passed","title":"should not cipher unknown chars"},{"ancestorTitles":["caesarCipher"],"failureMessages":[],"fullName":"caesarCipher should encrypt and decrypt full phrases","location":null,"status":"passed","title":"should encrypt and decrypt full phrases"}],"endTime":1687878248178,"message":"","name":"C:\\Users\\ADMIN\\Desktop\\backend-nestjs\\app-codepad\\md-file\\algorithms\\cryptography\\caesar-cipher\\tmp\\966d38eb-33ff-4a28-a6f3-8fcf6d2a1fe9\\__test__\\caesarCipher.test.js","startTime":1687878247293,"status":"passed","summary":""}],"wasInterrupted":false}