{"numFailedTestSuites":0,"numFailedTests":0,"numPassedTestSuites":1,"numPassedTests":14,"numPendingTestSuites":0,"numPendingTests":0,"numRuntimeErrorTestSuites":0,"numTodoTests":0,"numTotalTestSuites":1,"numTotalTests":14,"openHandles":[],"snapshot":{"added":0,"didUpdate":false,"failure":false,"filesAdded":0,"filesRemoved":0,"filesRemovedList":[],"filesUnmatched":0,"filesUpdated":0,"matched":0,"total":0,"unchecked":0,"uncheckedKeysByFile":[],"unmatched":0,"updated":0},"startTime":1687878681538,"success":true,"testResults":[{"assertionResults":[{"ancestorTitles":["Matrix"],"failureMessages":[],"fullName":"Matrix should throw when trying to add matrices of invalid shapes","location":null,"status":"passed","title":"should throw when trying to add matrices of invalid shapes"},{"ancestorTitles":["Matrix"],"failureMessages":[],"fullName":"Matrix should calculate matrices dimensions","location":null,"status":"passed","title":"should calculate matrices dimensions"},{"ancestorTitles":["Matrix"],"failureMessages":[],"fullName":"Matrix should generate the matrix of zeros","location":null,"status":"passed","title":"should generate the matrix of zeros"},{"ancestorTitles":["Matrix"],"failureMessages":[],"fullName":"Matrix should generate the matrix with custom values","location":null,"status":"passed","title":"should generate the matrix with custom values"},{"ancestorTitles":["Matrix"],"failureMessages":[],"fullName":"Matrix should generate a custom matrix based on specific cell indices","location":null,"status":"passed","title":"should generate a custom matrix based on specific cell indices"},{"ancestorTitles":["Matrix"],"failureMessages":[],"fullName":"Matrix should multiply two matrices","location":null,"status":"passed","title":"should multiply two matrices"},{"ancestorTitles":["Matrix"],"failureMessages":[],"fullName":"Matrix should transpose matrices","location":null,"status":"passed","title":"should transpose matrices"},{"ancestorTitles":["Matrix"],"failureMessages":[],"fullName":"Matrix should throw when trying to transpose non 2D matrix","location":null,"status":"passed","title":"should throw when trying to transpose non 2D matrix"},{"ancestorTitles":["Matrix"],"failureMessages":[],"fullName":"Matrix should add two matrices","location":null,"status":"passed","title":"should add two matrices"},{"ancestorTitles":["Matrix"],"failureMessages":[],"fullName":"Matrix should throw when trying to add matrices of different shape","location":null,"status":"passed","title":"should throw when trying to add matrices of different shape"},{"ancestorTitles":["Matrix"],"failureMessages":[],"fullName":"Matrix should do element wise multiplication two matrices","location":null,"status":"passed","title":"should do element wise multiplication two matrices"},{"ancestorTitles":["Matrix"],"failureMessages":[],"fullName":"Matrix should throw when trying to multiply matrices element-wise of different shape","location":null,"status":"passed","title":"should throw when trying to multiply matrices element-wise of different shape"},{"ancestorTitles":["Matrix"],"failureMessages":[],"fullName":"Matrix should do element wise subtraction two matrices","location":null,"status":"passed","title":"should do element wise subtraction two matrices"},{"ancestorTitles":["Matrix"],"failureMessages":[],"fullName":"Matrix should throw when trying to subtract matrices element-wise of different shape","location":null,"status":"passed","title":"should throw when trying to subtract matrices element-wise of different shape"}],"endTime":1687878682638,"message":"","name":"C:\\Users\\ADMIN\\Desktop\\backend-nestjs\\app-codepad\\md-file\\algorithms\\math\\matrix\\tmp\\5c23596d-9f6e-4455-bdc5-6ef4c28168d9\\__test__\\Matrix.test.js","startTime":1687878681631,"status":"passed","summary":""}],"wasInterrupted":false}